Training input paths:
Training input paths:
data/sunrgbd/SUNRGBD/metadata.csv
Input settings:
data/sunrgbd/SUNRGBD/metadata.csv
n_batch=2  n_height=256  n_width=256

Input settings:
n_batch=2  n_height=256  n_width=256

Network settings:
model_architecture=resnet
Network settings:Weight settings:

n_parameter=29908929
model_architecture=resnet

Weight settings:
n_parameter=29908929Training settings:


n_sample=6201  n_epoch=40  n_step=124040
Training settings:
scheduler type: multi_step
n_sample=6201  n_epoch=40  n_step=124040
scheduler type: multi_step
scheduler: multi_step, learning_schedule=[0-46500 : 0.0002, 46500-77500 : 0.0001, 77500-108500 : 5e-05, 108500-124000 : 2e-05]

scheduler: multi_step, learning_schedule=[0-46500 : 0.0002, 46500-77500 : 0.0001, 77500-108500 : 5e-05, 108500-124000 : 2e-05]
Loss function settings:

w_weight_decay=1.0e-04
Loss function settings:

w_weight_decay=1.0e-04
Checkpoint settings:

checkpoint_path=checkpoints
Checkpoint settings:
checkpoint_save_frequency=1000
checkpoint_path=checkpoints
validation_start_step=5000
checkpoint_save_frequency=1000

validation_start_step=5000
Tensorboard settings:

event_path=checkpoints/tensorboard
Tensorboard settings:
log_summary_frequency=500  n_sample_per_summary=32  event_path=checkpoints/tensorboard


log_summary_frequency=500  n_sample_per_summary=32  
Hardware settings:

Hardware settings:
device=cuda
device=cudan_thread=8

n_thread=8


Begin training...
[Val] [Step 0] Top-1 pixel accuracy (equiv): 0.0099
[Val] [Step 0] Top-k pixel accuracy (equiv): 0.0524
[Val] [Step 0] Top-1 mIoU (equiv): 0.0022
[Val] [Step 0] Top-k mIoU (equiv): 0.0439
[Val] Step 0 | # of labels in Top-1 mIoU: 2184
[Val] Step 0 | # of labels in Top-k mIoU: 2184
[Val] Step 0 | Loss: 6.1393, Contrastive: 5.1742
Best validation loss: 6.1393 at step 0
Begin training...
Rank 1 | Epoch 1 | Step 193 | Loss : 0.48245660829420534 | LR: 0.0002
Rank 0 | Epoch 1 | Step 193 | Loss : 0.4909263134311518 | LR: 0.0002
Rank 1 | Epoch 2 | Step 386 | Loss : 0.40652464013643214 | LR: 0.0002
Rank 0 | Epoch 2 | Step 386 | Loss : 0.401917174690128 | LR: 0.0002
[Val] [Step 500] Top-1 pixel accuracy (equiv): 0.3390
[Val] [Step 500] Top-k pixel accuracy (equiv): 0.7313
[Val] [Step 500] Top-1 mIoU (equiv): 0.0455
[Val] [Step 500] Top-k mIoU (equiv): 0.4236
[Val] Step 500 | # of labels in Top-1 mIoU: 872
[Val] Step 500 | # of labels in Top-k mIoU: 872
[Val] Step 500 | Loss: 2.9826, Contrastive: 2.9179
Best validation loss: 2.9826 at step 500
Rank 1 | Epoch 3 | Step 579 | Loss : 0.3718345277976496 | LR: 0.0002
Rank 0 | Epoch 3 | Step 579 | Loss : 0.3763893364006991 | LR: 0.0002
Rank 1 | Epoch 4 | Step 772 | Loss : 0.35160969606952963 | LR: 0.0002
Rank 0 | Epoch 4 | Step 772 | Loss : 0.3481014706001381 | LR: 0.0002
Rank 0 | Epoch 5 | Step 965 | Loss : 0.33329414765451854 | LR: 0.0002
Rank 1 | Epoch 5 | Step 965 | Loss : 0.3324852518621504 | LR: 0.0002
[Val] [Step 1000] Top-1 pixel accuracy (equiv): 0.4169
[Val] [Step 1000] Top-k pixel accuracy (equiv): 0.7755
[Val] [Step 1000] Top-1 mIoU (equiv): 0.0784
[Val] [Step 1000] Top-k mIoU (equiv): 0.4942
[Val] Step 1000 | # of labels in Top-1 mIoU: 872
[Val] Step 1000 | # of labels in Top-k mIoU: 872
[Val] Step 1000 | Loss: 2.6074, Contrastive: 2.5215
Best validation loss: 2.6074 at step 1000
Step=  1000/124040  Loss=0.3295801  Time Elapsed=0.50h  Time Remaining=60.94h
Rank 1 | Epoch 6 | Step 1158 | Loss : 0.3278998016075767 | LR: 0.0002
Rank 0 | Epoch 6 | Step 1158 | Loss : 0.3241104949941289 | LR: 0.0002
Rank 0 | Epoch 7 | Step 1351 | Loss : 0.3158842370763344 | LR: 0.0002
Rank 1 | Epoch 7 | Step 1351 | Loss : 0.3149085745910289 | LR: 0.0002
[Val] [Step 1500] Top-1 pixel accuracy (equiv): 0.4344
[Val] [Step 1500] Top-k pixel accuracy (equiv): 0.7890
[Val] [Step 1500] Top-1 mIoU (equiv): 0.0869
[Val] [Step 1500] Top-k mIoU (equiv): 0.5209
[Val] Step 1500 | # of labels in Top-1 mIoU: 873
[Val] Step 1500 | # of labels in Top-k mIoU: 873
[Val] Step 1500 | Loss: 2.4759, Contrastive: 2.3897
Best validation loss: 2.4759 at step 1500
Rank 0 | Epoch 8 | Step 1544 | Loss : 0.3073726570513582 | LR: 0.0002
Rank 1 | Epoch 8 | Step 1544 | Loss : 0.32116738378692783 | LR: 0.0002
Rank 0 | Epoch 9 | Step 1737 | Loss : 0.3076241119074698 | LR: 0.0002
Rank 1 | Epoch 9 | Step 1737 | Loss : 0.29841064217794744 | LR: 0.0002
Rank 1 | Epoch 10 | Step 1930 | Loss : 0.2985518649606507 | LR: 0.0002
Rank 0 | Epoch 10 | Step 1930 | Loss : 0.30542489685542845 | LR: 0.0002
[Val] [Step 2000] Top-1 pixel accuracy (equiv): 0.4673
[Val] [Step 2000] Top-k pixel accuracy (equiv): 0.8009
[Val] [Step 2000] Top-1 mIoU (equiv): 0.1192
[Val] [Step 2000] Top-k mIoU (equiv): 0.5458
[Val] Step 2000 | # of labels in Top-1 mIoU: 875
[Val] Step 2000 | # of labels in Top-k mIoU: 875
[Val] Step 2000 | Loss: 2.3869, Contrastive: 2.2949
Best validation loss: 2.3869 at step 2000
Step=  2000/124040  Loss=0.2916660  Time Elapsed=0.98h  Time Remaining=59.73h
Rank 0 | Epoch 11 | Step 2123 | Loss : 0.30161188952045737 | LR: 0.0002
Rank 1 | Epoch 11 | Step 2123 | Loss : 0.2985536882296745 | LR: 0.0002
Rank 1 | Epoch 12 | Step 2316 | Loss : 0.29610512432656755 | LR: 0.0002
Rank 0 | Epoch 12 | Step 2316 | Loss : 0.29277449992963067 | LR: 0.0002
[Val] [Step 2500] Top-1 pixel accuracy (equiv): 0.4887
[Val] [Step 2500] Top-k pixel accuracy (equiv): 0.8142
[Val] [Step 2500] Top-1 mIoU (equiv): 0.1237
[Val] [Step 2500] Top-k mIoU (equiv): 0.5746
[Val] Step 2500 | # of labels in Top-1 mIoU: 874
[Val] Step 2500 | # of labels in Top-k mIoU: 874
[Val] Step 2500 | Loss: 2.2837, Contrastive: 2.1883
Best validation loss: 2.2837 at step 2500
Rank 1 | Epoch 13 | Step 2509 | Loss : 0.2846258409282704 | LR: 0.0002
Rank 0 | Epoch 13 | Step 2509 | Loss : 0.290245162081842 | LR: 0.0002
Rank 0 | Epoch 14 | Step 2702 | Loss : 0.28939526833091994 | LR: 0.0002
Rank 1 | Epoch 14 | Step 2702 | Loss : 0.28469347969238007 | LR: 0.0002
Rank 1 | Epoch 15 | Step 2895 | Loss : 0.2797916979369722 | LR: 0.0002
Rank 0 | Epoch 15 | Step 2895 | Loss : 0.28141398774218684 | LR: 0.0002
[Val] [Step 3000] Top-1 pixel accuracy (equiv): 0.5085
[Val] [Step 3000] Top-k pixel accuracy (equiv): 0.8224
[Val] [Step 3000] Top-1 mIoU (equiv): 0.1452
[Val] [Step 3000] Top-k mIoU (equiv): 0.6000
[Val] Step 3000 | # of labels in Top-1 mIoU: 876
[Val] Step 3000 | # of labels in Top-k mIoU: 876
[Val] Step 3000 | Loss: 2.2038, Contrastive: 2.1085
Best validation loss: 2.2038 at step 3000
Step=  3000/124040  Loss=0.2640088  Time Elapsed=1.43h  Time Remaining=57.77h
Rank 0 | Epoch 16 | Step 3088 | Loss : 0.26605548203917984 | LR: 2e-05
Rank 1 | Epoch 16 | Step 3088 | Loss : 0.27058449078718 | LR: 2e-05
Rank 0 | Epoch 17 | Step 3281 | Loss : 0.260877095587513 | LR: 2e-05
Rank 1 | Epoch 17 | Step 3281 | Loss : 0.2670838675350723 | LR: 2e-05
Rank 1 | Epoch 18 | Step 3474 | Loss : 0.26245216145107786 | LR: 2e-05
Rank 0 | Epoch 18 | Step 3474 | Loss : 0.2677326338278815 | LR: 2e-05
[Val] [Step 3500] Top-1 pixel accuracy (equiv): 0.5162
[Val] [Step 3500] Top-k pixel accuracy (equiv): 0.8271
[Val] [Step 3500] Top-1 mIoU (equiv): 0.1546
[Val] [Step 3500] Top-k mIoU (equiv): 0.6197
[Val] Step 3500 | # of labels in Top-1 mIoU: 877
[Val] Step 3500 | # of labels in Top-k mIoU: 877
[Val] Step 3500 | Loss: 2.1748, Contrastive: 2.0769
Best validation loss: 2.1748 at step 3500
Rank 1 | Epoch 19 | Step 3667 | Loss : 0.2679054626683497 | LR: 2e-05
Rank 0 | Epoch 19 | Step 3667 | Loss : 0.27315233292666125 | LR: 2e-05
Rank 1 | Epoch 20 | Step 3860 | Loss : 0.2645677780935184 | LR: 2e-05
Rank 0 | Epoch 20 | Step 3860 | Loss : 0.27098936178369226 | LR: 2e-05
[Val] [Step 4000] Top-1 pixel accuracy (equiv): 0.5146
[Val] [Step 4000] Top-k pixel accuracy (equiv): 0.8279
[Val] [Step 4000] Top-1 mIoU (equiv): 0.1564
[Val] [Step 4000] Top-k mIoU (equiv): 0.6163
[Val] Step 4000 | # of labels in Top-1 mIoU: 875
[Val] Step 4000 | # of labels in Top-k mIoU: 875
[Val] Step 4000 | Loss: 2.1780, Contrastive: 2.0793
Best validation loss: 2.1748 at step 3500
Step=  4000/124040  Loss=0.2740999  Time Elapsed=1.89h  Time Remaining=56.57h
Rank 1 | Epoch 21 | Step 4053 | Loss : 0.2658695757697901 | LR: 2e-05
Rank 0 | Epoch 21 | Step 4053 | Loss : 0.2718040997963495 | LR: 2e-05
Rank 0 | Epoch 22 | Step 4246 | Loss : 0.2642089799432557 | LR: 2e-05
Rank 1 | Epoch 22 | Step 4246 | Loss : 0.2671380113675187 | LR: 2e-05
Rank 0 | Epoch 23 | Step 4439 | Loss : 0.2737448066473007 | LR: 2e-05
Rank 1 | Epoch 23 | Step 4439 | Loss : 0.25862674469157204 | LR: 2e-05
[Val] [Step 4500] Top-1 pixel accuracy (equiv): 0.5189
[Val] [Step 4500] Top-k pixel accuracy (equiv): 0.8284
[Val] [Step 4500] Top-1 mIoU (equiv): 0.1582
[Val] [Step 4500] Top-k mIoU (equiv): 0.6207
[Val] Step 4500 | # of labels in Top-1 mIoU: 878
[Val] Step 4500 | # of labels in Top-k mIoU: 878
[Val] Step 4500 | Loss: 2.1636, Contrastive: 2.0634
Best validation loss: 2.1636 at step 4500
Rank 1 | Epoch 24 | Step 4632 | Loss : 0.25993960844883646 | LR: 2e-05
Rank 0 | Epoch 24 | Step 4632 | Loss : 0.26820817242323425 | LR: 2e-05
Rank 1 | Epoch 25 | Step 4825 | Loss : 0.2629390829894209 | LR: 2e-05
Rank 0 | Epoch 25 | Step 4825 | Loss : 0.26254320661947517 | LR: 2e-05
[Val] [Step 5000] Top-1 pixel accuracy (equiv): 0.5205
[Val] [Step 5000] Top-k pixel accuracy (equiv): 0.8293
[Val] [Step 5000] Top-1 mIoU (equiv): 0.1618
[Val] [Step 5000] Top-k mIoU (equiv): 0.6194
[Val] Step 5000 | # of labels in Top-1 mIoU: 880
[Val] Step 5000 | # of labels in Top-k mIoU: 880
[Val] Step 5000 | Loss: 2.1695, Contrastive: 2.0670
Best validation loss: 2.1636 at step 4500
Step=  5000/124040  Loss=0.2623895  Time Elapsed=2.34h  Time Remaining=55.67h
Rank 0 | Epoch 26 | Step 5018 | Loss : 0.2620655802015813 | LR: 2.0000000000000003e-06
Rank 1 | Epoch 26 | Step 5018 | Loss : 0.2599345488097384 | LR: 2.0000000000000003e-06
Rank 0 | Epoch 27 | Step 5211 | Loss : 0.252308885784038 | LR: 2.0000000000000003e-06
Rank 1 | Epoch 27 | Step 5211 | Loss : 0.2708268024297576 | LR: 2.0000000000000003e-06
Rank 1 | Epoch 28 | Step 5404 | Loss : 0.26311592773143494 | LR: 2.0000000000000003e-06
Rank 0 | Epoch 28 | Step 5404 | Loss : 0.2555378402916261 | LR: 2.0000000000000003e-06
[Val] [Step 5500] Top-1 pixel accuracy (equiv): 0.5211
[Val] [Step 5500] Top-k pixel accuracy (equiv): 0.8288
[Val] [Step 5500] Top-1 mIoU (equiv): 0.1639
[Val] [Step 5500] Top-k mIoU (equiv): 0.6050
[Val] Step 5500 | # of labels in Top-1 mIoU: 882
[Val] Step 5500 | # of labels in Top-k mIoU: 882
[Val] Step 5500 | Loss: 2.1635, Contrastive: 2.0600
Best validation loss: 2.1636 at step 4500
Rank 1 | Epoch 29 | Step 5597 | Loss : 0.2596692103950471 | LR: 2.0000000000000003e-06
Rank 0 | Epoch 29 | Step 5597 | Loss : 0.2537440721698376 | LR: 2.0000000000000003e-06
Rank 1 | Epoch 30 | Step 5790 | Loss : 0.25644156800032897 | LR: 2.0000000000000003e-06
Rank 0 | Epoch 30 | Step 5790 | Loss : 0.26526875840258723 | LR: 2.0000000000000003e-06
Rank 0 | Epoch 31 | Step 5983 | Loss : 0.2581245188113939 | LR: 2.0000000000000003e-06
Rank 1 | Epoch 31 | Step 5983 | Loss : 0.2541989899515488 | LR: 2.0000000000000003e-06
[Val] [Step 6000] Top-1 pixel accuracy (equiv): 0.5249
[Val] [Step 6000] Top-k pixel accuracy (equiv): 0.8305
[Val] [Step 6000] Top-1 mIoU (equiv): 0.1651
[Val] [Step 6000] Top-k mIoU (equiv): 0.6043
[Val] Step 6000 | # of labels in Top-1 mIoU: 877
[Val] Step 6000 | # of labels in Top-k mIoU: 877
[Val] Step 6000 | Loss: 2.1508, Contrastive: 2.0459
Best validation loss: 2.1636 at step 4500
Step=  6000/124040  Loss=0.2562353  Time Elapsed=2.79h  Time Remaining=54.93h
Rank 1 | Epoch 32 | Step 6176 | Loss : 0.2613122281015228 | LR: 2.0000000000000003e-06
Rank 0 | Epoch 32 | Step 6176 | Loss : 0.25123088386083514 | LR: 2.0000000000000003e-06
Rank 1 | Epoch 33 | Step 6369 | Loss : 0.2614175560715285 | LR: 2.0000000000000003e-06
Rank 0 | Epoch 33 | Step 6369 | Loss : 0.2556603485284074 | LR: 2.0000000000000003e-06
[Val] [Step 6500] Top-1 pixel accuracy (equiv): 0.5222
[Val] [Step 6500] Top-k pixel accuracy (equiv): 0.8300
[Val] [Step 6500] Top-1 mIoU (equiv): 0.1612
[Val] [Step 6500] Top-k mIoU (equiv): 0.6112
[Val] Step 6500 | # of labels in Top-1 mIoU: 881
[Val] Step 6500 | # of labels in Top-k mIoU: 881
[Val] Step 6500 | Loss: 2.1529, Contrastive: 2.0505
Best validation loss: 2.1636 at step 4500
Rank 1 | Epoch 34 | Step 6562 | Loss : 0.2574311909434709 | LR: 2.0000000000000003e-06
Rank 0 | Epoch 34 | Step 6562 | Loss : 0.2601319307490334 | LR: 2.0000000000000003e-06
Rank 1 | Epoch 35 | Step 6755 | Loss : 0.26426234748697036 | LR: 2.0000000000000003e-06
Rank 0 | Epoch 35 | Step 6755 | Loss : 0.2589528099706136 | LR: 2.0000000000000003e-06
Rank 1 | Epoch 36 | Step 6948 | Loss : 0.2565367461563392 | LR: 2.0000000000000004e-07
Rank 0 | Epoch 36 | Step 6948 | Loss : 0.2614964692240552 | LR: 2.0000000000000004e-07
[Val] [Step 7000] Top-1 pixel accuracy (equiv): 0.5221
[Val] [Step 7000] Top-k pixel accuracy (equiv): 0.8302
[Val] [Step 7000] Top-1 mIoU (equiv): 0.1631
[Val] [Step 7000] Top-k mIoU (equiv): 0.6119
[Val] Step 7000 | # of labels in Top-1 mIoU: 881
[Val] Step 7000 | # of labels in Top-k mIoU: 881
[Val] Step 7000 | Loss: 2.1546, Contrastive: 2.0504
Best validation loss: 2.1636 at step 4500
Step=  7000/124040  Loss=0.2572181  Time Elapsed=3.24h  Time Remaining=54.25h
Rank 1 | Epoch 37 | Step 7141 | Loss : 0.25478142889824557 | LR: 2.0000000000000004e-07
Rank 0 | Epoch 37 | Step 7141 | Loss : 0.25824280785773085 | LR: 2.0000000000000004e-07
Rank 0 | Epoch 38 | Step 7334 | Loss : 0.25755026685604776 | LR: 2.0000000000000004e-07
Rank 1 | Epoch 38 | Step 7334 | Loss : 0.25603151904332205 | LR: 2.0000000000000004e-07
[Val] [Step 7500] Top-1 pixel accuracy (equiv): 0.5203
[Val] [Step 7500] Top-k pixel accuracy (equiv): 0.8294
[Val] [Step 7500] Top-1 mIoU (equiv): 0.1648
[Val] [Step 7500] Top-k mIoU (equiv): 0.6061
[Val] Step 7500 | # of labels in Top-1 mIoU: 876
[Val] Step 7500 | # of labels in Top-k mIoU: 876
[Val] Step 7500 | Loss: 2.1596, Contrastive: 2.0583
Best validation loss: 2.1636 at step 4500
Rank 1 | Epoch 39 | Step 7527 | Loss : 0.255504079587719 | LR: 2.0000000000000004e-07
Rank 0 | Epoch 39 | Step 7527 | Loss : 0.2514521163053463 | LR: 2.0000000000000004e-07
Rank 0 | Epoch 40 | Step 7720 | Loss : 0.2561842407741695 | LR: 2.0000000000000004e-07
Step=  7720/7720  Loss=49.4435585  Time Elapsed=3.57h  Time Remaining=0.00h
Rank 1 | Epoch 40 | Step 7720 | Loss : 0.2557858379625286 | LR: 2.0000000000000004e-07
