Training input paths:
Training input paths:
data/sunrgbd/SUNRGBD/metadata.csvdata/sunrgbd/SUNRGBD/metadata.csv

Input settings:
Input settings:
n_batch=2  n_height=256  n_width=256n_batch=2  n_height=256  n_width=256



Network settings:
Network settings:
model_architecture=resnet
model_architecture=resnet
Weight settings:
Weight settings:
n_parameter=29908929
n_parameter=29908929

Training settings:

n_sample=6201  n_epoch=40  n_step=124040
Training settings:
scheduler type: multi_step
n_sample=6201  n_epoch=40  n_step=124040
scheduler type: multi_step
scheduler: multi_step, learning_schedule=[0-46500 : 0.0002, 46500-77500 : 0.0001, 77500-108500 : 5e-05, 108500-124000 : 2e-05]
scheduler: multi_step, learning_schedule=[0-46500 : 0.0002, 46500-77500 : 0.0001, 77500-108500 : 5e-05, 108500-124000 : 2e-05]


Loss function settings:
Loss function settings:
w_weight_decay=1.0e-04
w_weight_decay=1.0e-04


Checkpoint settings:
Checkpoint settings:
checkpoint_path=checkpoints
checkpoint_path=checkpoints
checkpoint_save_frequency=1000
checkpoint_save_frequency=1000validation_start_step=5000

validation_start_step=5000


Tensorboard settings:
Tensorboard settings:
event_path=checkpoints/tensorboard
event_path=checkpoints/tensorboard
log_summary_frequency=500  n_sample_per_summary=32  
log_summary_frequency=500  n_sample_per_summary=32  restore_path=checkpoints/checkpoints/depth_segmentation_model-13000.pth

restore_path=checkpoints/checkpoints/depth_segmentation_model-13000.pth


Hardware settings:
Hardware settings:
device=cuda
device=cuda
n_thread=8
n_thread=8


Begin training...
[Val] [Step 13000] Top-1 pixel accuracy (equiv): 0.5549
[Val] [Step 13000] Top-k pixel accuracy (equiv): 0.8552
[Val] [Step 13000] Top-1 mIoU (equiv): 0.2217
[Val] [Step 13000] Top-k mIoU (equiv): 0.7030
[Val] Step 13000 | # of labels in Top-1 mIoU: 897
[Val] Step 13000 | # of labels in Top-k mIoU: 897
[Val] Step 13000 | Loss: 1.8993, Contrastive: 1.7939
Best validation loss: 1.8993 at step 13000
Begin training...
Rank 1 | Epoch 1 | Step 13193 | Loss : 0.1996563882639371 | LR: 0.0002
Rank 0 | Epoch 1 | Step 13193 | Loss : 0.20909816296915934 | LR: 0.0002
Rank 1 | Epoch 2 | Step 13386 | Loss : 0.2087694307297005 | LR: 0.0002
Rank 0 | Epoch 2 | Step 13386 | Loss : 0.20346508040020503 | LR: 0.0002
[Val] [Step 13500] Top-1 pixel accuracy (equiv): 0.5524
[Val] [Step 13500] Top-k pixel accuracy (equiv): 0.8569
[Val] [Step 13500] Top-1 mIoU (equiv): 0.2043
[Val] [Step 13500] Top-k mIoU (equiv): 0.6880
[Val] Step 13500 | # of labels in Top-1 mIoU: 883
[Val] Step 13500 | # of labels in Top-k mIoU: 883
[Val] Step 13500 | Loss: 1.9021, Contrastive: 1.8127
Best validation loss: 1.8993 at step 13000
Rank 0 | Epoch 3 | Step 13579 | Loss : 0.20555205318903058 | LR: 0.0002
Rank 1 | Epoch 3 | Step 13579 | Loss : 0.2009169468221887 | LR: 0.0002
Rank 1 | Epoch 4 | Step 13772 | Loss : 0.19612113363230166 | LR: 0.0002
Rank 0 | Epoch 4 | Step 13772 | Loss : 0.19741018143496983 | LR: 0.0002
Rank 1 | Epoch 5 | Step 13965 | Loss : 0.19256510106856342 | LR: 0.0002Rank 0 | Epoch 5 | Step 13965 | Loss : 0.1961193585797295 | LR: 0.0002

[Val] [Step 14000] Top-1 pixel accuracy (equiv): 0.5448
[Val] [Step 14000] Top-k pixel accuracy (equiv): 0.8533
[Val] [Step 14000] Top-1 mIoU (equiv): 0.2216
[Val] [Step 14000] Top-k mIoU (equiv): 0.7164
[Val] Step 14000 | # of labels in Top-1 mIoU: 894
[Val] Step 14000 | # of labels in Top-k mIoU: 894
[Val] Step 14000 | Loss: 1.9194, Contrastive: 1.8242
Best validation loss: 1.9194 at step 14000
Step= 14000/137040  Loss=0.1890171  Time Elapsed=0.50h  Time Remaining=61.35h
Rank 1 | Epoch 6 | Step 14158 | Loss : 0.19449070729122261 | LR: 0.0002
Rank 0 | Epoch 6 | Step 14158 | Loss : 0.19139870792781752 | LR: 0.0002
Rank 1 | Epoch 7 | Step 14351 | Loss : 0.186807013584851 | LR: 0.0002
Rank 0 | Epoch 7 | Step 14351 | Loss : 0.18900483394997108 | LR: 0.0002
[Val] [Step 14500] Top-1 pixel accuracy (equiv): 0.5550
[Val] [Step 14500] Top-k pixel accuracy (equiv): 0.8577
[Val] [Step 14500] Top-1 mIoU (equiv): 0.2272
[Val] [Step 14500] Top-k mIoU (equiv): 0.6988
[Val] Step 14500 | # of labels in Top-1 mIoU: 892
[Val] Step 14500 | # of labels in Top-k mIoU: 892
[Val] Step 14500 | Loss: 1.8871, Contrastive: 1.7998
Best validation loss: 1.9194 at step 14000
Rank 1 | Epoch 8 | Step 14544 | Loss : 0.19294837051568253 | LR: 0.0002
Rank 0 | Epoch 8 | Step 14544 | Loss : 0.18222103379859825 | LR: 0.0002
Rank 0 | Epoch 9 | Step 14737 | Loss : 0.18659410316863825 | LR: 0.0002
Rank 1 | Epoch 9 | Step 14737 | Loss : 0.17846362644063377 | LR: 0.0002
Rank 0 | Epoch 10 | Step 14930 | Loss : 0.18790828023549808 | LR: 0.0002
Rank 1 | Epoch 10 | Step 14930 | Loss : 0.18242039407936403 | LR: 0.0002
[Val] [Step 15000] Top-1 pixel accuracy (equiv): 0.5490
[Val] [Step 15000] Top-k pixel accuracy (equiv): 0.8534
[Val] [Step 15000] Top-1 mIoU (equiv): 0.2301
[Val] [Step 15000] Top-k mIoU (equiv): 0.6937
[Val] Step 15000 | # of labels in Top-1 mIoU: 893
[Val] Step 15000 | # of labels in Top-k mIoU: 893
[Val] Step 15000 | Loss: 1.9295, Contrastive: 1.8374
Best validation loss: 1.9194 at step 14000
Step= 15000/137040  Loss=0.1689495  Time Elapsed=0.99h  Time Remaining=60.15h
Rank 1 | Epoch 11 | Step 15123 | Loss : 0.18407497039653475 | LR: 0.0002
Rank 0 | Epoch 11 | Step 15123 | Loss : 0.18554729505060868 | LR: 0.0002
Rank 1 | Epoch 12 | Step 15316 | Loss : 0.18190881775914078 | LR: 0.0002
Rank 0 | Epoch 12 | Step 15316 | Loss : 0.1827898042498475 | LR: 0.0002
[Val] [Step 15500] Top-1 pixel accuracy (equiv): 0.5436
[Val] [Step 15500] Top-k pixel accuracy (equiv): 0.8546
[Val] [Step 15500] Top-1 mIoU (equiv): 0.2320
[Val] [Step 15500] Top-k mIoU (equiv): 0.6901
[Val] Step 15500 | # of labels in Top-1 mIoU: 891
[Val] Step 15500 | # of labels in Top-k mIoU: 891
[Val] Step 15500 | Loss: 1.9200, Contrastive: 1.8353
Best validation loss: 1.9194 at step 14000
Rank 1 | Epoch 13 | Step 15509 | Loss : 0.17725202889022432 | LR: 0.0002
Rank 0 | Epoch 13 | Step 15509 | Loss : 0.18067242396232996 | LR: 0.0002
Rank 0 | Epoch 14 | Step 15702 | Loss : 0.176994008489841 | LR: 0.0002
Rank 1 | Epoch 14 | Step 15702 | Loss : 0.17745069804278063 | LR: 0.0002
Rank 1 | Epoch 15 | Step 15895 | Loss : 0.17494775142539967 | LR: 0.0002Rank 0 | Epoch 15 | Step 15895 | Loss : 0.17145693419896876 | LR: 0.0002

[Val] [Step 16000] Top-1 pixel accuracy (equiv): 0.5517
[Val] [Step 16000] Top-k pixel accuracy (equiv): 0.8563
[Val] [Step 16000] Top-1 mIoU (equiv): 0.2568
[Val] [Step 16000] Top-k mIoU (equiv): 0.7076
[Val] Step 16000 | # of labels in Top-1 mIoU: 898
[Val] Step 16000 | # of labels in Top-k mIoU: 898
[Val] Step 16000 | Loss: 1.9317, Contrastive: 1.8446
Best validation loss: 1.9194 at step 14000
Step= 16000/137040  Loss=0.1598574  Time Elapsed=1.44h  Time Remaining=58.24h
Rank 1 | Epoch 16 | Step 16088 | Loss : 0.16431860859298336 | LR: 2e-05
Rank 0 | Epoch 16 | Step 16088 | Loss : 0.15975796577998394 | LR: 2e-05
Rank 1 | Epoch 17 | Step 16281 | Loss : 0.15336305709854928 | LR: 2e-05
Rank 0 | Epoch 17 | Step 16281 | Loss : 0.14868532055554612 | LR: 2e-05
