Training input paths:
Training input paths:
data/sunrgbd/SUNRGBD/metadata.csv
Input settings:
n_batch=2  n_height=256  n_width=256
data/sunrgbd/SUNRGBD/metadata.csv

Input settings:
n_batch=2  n_height=256  n_width=256

Network settings:
model_architecture=resnet
Weight settings:
Network settings:
n_parameter=29908929
model_architecture=resnet

Weight settings:
Training settings:
n_parameter=29908929
n_sample=6201  n_epoch=35  n_step=108535

scheduler type: multi_step
Training settings:
n_sample=6201  n_epoch=35  n_step=108535
scheduler: multi_step, learning_schedule=[0-31000 : 0.0002, 31000-62000 : 0.0001, 62000-93000 : 5e-05, 93000-108500 : 1e-05]
scheduler type: multi_step

Loss function settings:
scheduler: multi_step, learning_schedule=[0-31000 : 0.0002, 31000-62000 : 0.0001, 62000-93000 : 5e-05, 93000-108500 : 1e-05]
w_weight_decay=1.0e-04


Loss function settings:
Checkpoint settings:
w_weight_decay=1.0e-04
checkpoint_path=checkpoints

checkpoint_save_frequency=2000
Checkpoint settings:
validation_start_step=5000
checkpoint_path=checkpoints

checkpoint_save_frequency=2000Tensorboard settings:

validation_start_step=5000event_path=checkpoints/tensorboard


log_summary_frequency=1000  n_sample_per_summary=16  
Tensorboard settings:

event_path=checkpoints/tensorboard
Hardware settings:
log_summary_frequency=1000  n_sample_per_summary=16  
device=cuda

n_thread=8
Hardware settings:

device=cuda
n_thread=8

Begin training...
[Step 0] Validation pixel accuracy: 0.0027
[Step 0] Validation mIoU (w/ equivalence): 0.0002
[Val] Step 0 | Loss: 4.9352, Contrastive: 4.9352
Best validation loss: 4.9352 at step 0
Begin training...
Rank 1 | Epoch 1 | Step 193 | Loss : 0.3474635033255414
Rank 0 | Epoch 1 | Step 193 | Loss : 0.35750455745143594
Rank 1 | Epoch 2 | Step 386 | Loss : 0.30485644010064517
Rank 0 | Epoch 2 | Step 386 | Loss : 0.29750621681695155
Rank 1 | Epoch 3 | Step 579 | Loss : 0.28264436380542
Rank 0 | Epoch 3 | Step 579 | Loss : 0.28799242954797694
Rank 1 | Epoch 4 | Step 772 | Loss : 0.2767304298636827
Rank 0 | Epoch 4 | Step 772 | Loss : 0.27702996312336603
Rank 1 | Epoch 5 | Step 965 | Loss : 0.26292036307753675
Rank 0 | Epoch 5 | Step 965 | Loss : 0.2663583381806013
[Step 1000] Validation pixel accuracy: 0.5129
[Step 1000] Validation mIoU (w/ equivalence): 0.0064
[Val] Step 1000 | Loss: 2.0949, Contrastive: 2.0949
Best validation loss: 2.0949 at step 1000
Rank 1 | Epoch 6 | Step 1158 | Loss : 0.2623479670502361
Rank 0 | Epoch 6 | Step 1158 | Loss : 0.26011283757464254
Rank 1 | Epoch 7 | Step 1351 | Loss : 0.2466513891680253
Rank 0 | Epoch 7 | Step 1351 | Loss : 0.252752728335598
Rank 0 | Epoch 8 | Step 1544 | Loss : 0.2383626075606272
Rank 1 | Epoch 8 | Step 1544 | Loss : 0.2551458440914055
Rank 1 | Epoch 9 | Step 1737 | Loss : 0.2346031519492673
Rank 0 | Epoch 9 | Step 1737 | Loss : 0.24419277118895338
Rank 0 | Epoch 10 | Step 1930 | Loss : 0.23934309335107012
Rank 1 | Epoch 10 | Step 1930 | Loss : 0.2319916481335546
[Step 2000] Validation pixel accuracy: 0.5658
[Step 2000] Validation mIoU (w/ equivalence): 0.0129
[Val] Step 2000 | Loss: 1.8353, Contrastive: 1.8353
Best validation loss: 1.8353 at step 2000
Step=  2000/108535  Loss=0.2222376  Time Elapsed=0.70h  Time Remaining=37.32h
Rank 0 | Epoch 11 | Step 2123 | Loss : 0.23095148589481343
Rank 1 | Epoch 11 | Step 2123 | Loss : 0.2277371510863304
Rank 1 | Epoch 12 | Step 2316 | Loss : 0.22364855252708177
Rank 0 | Epoch 12 | Step 2316 | Loss : 0.22378996979696145
Rank 1 | Epoch 13 | Step 2509 | Loss : 0.21884146730362442
Rank 0 | Epoch 13 | Step 2509 | Loss : 0.22358418873709102
Rank 0 | Epoch 14 | Step 2702 | Loss : 0.2236914594942424
Rank 1 | Epoch 14 | Step 2702 | Loss : 0.22033505137874673
Rank 1 | Epoch 15 | Step 2895 | Loss : 0.21905427152011062
Rank 0 | Epoch 15 | Step 2895 | Loss : 0.2190817026662703
[Step 3000] Validation pixel accuracy: 0.5667
[Step 3000] Validation mIoU (w/ equivalence): 0.0138
[Val] Step 3000 | Loss: 1.8263, Contrastive: 1.8263
Best validation loss: 1.8263 at step 3000
Rank 0 | Epoch 16 | Step 3088 | Loss : 0.21163127891757946
Rank 1 | Epoch 16 | Step 3088 | Loss : 0.21726829272940987
Rank 1 | Epoch 17 | Step 3281 | Loss : 0.2118427287883709
Rank 0 | Epoch 17 | Step 3281 | Loss : 0.20796762125016494
Rank 1 | Epoch 18 | Step 3474 | Loss : 0.2089969195772947
Rank 0 | Epoch 18 | Step 3474 | Loss : 0.2159065190760583
Rank 1 | Epoch 19 | Step 3667 | Loss : 0.21318570756078384
Rank 0 | Epoch 19 | Step 3667 | Loss : 0.21895282549561615
Rank 1 | Epoch 20 | Step 3860 | Loss : 0.20986891441394628
Rank 0 | Epoch 20 | Step 3860 | Loss : 0.21629064005119195
[Step 4000] Validation pixel accuracy: 0.5724
[Step 4000] Validation mIoU (w/ equivalence): 0.0148
[Val] Step 4000 | Loss: 1.8086, Contrastive: 1.8086
Best validation loss: 1.8086 at step 4000
Step=  4000/108535  Loss=0.2157654  Time Elapsed=1.34h  Time Remaining=34.99h
Rank 0 | Epoch 21 | Step 4053 | Loss : 0.21377741796365057
Rank 1 | Epoch 21 | Step 4053 | Loss : 0.20754449656281446
Rank 0 | Epoch 22 | Step 4246 | Loss : 0.21100305094156857
Rank 1 | Epoch 22 | Step 4246 | Loss : 0.21072101986778832
Rank 0 | Epoch 23 | Step 4439 | Loss : 0.21641990731571623
Rank 1 | Epoch 23 | Step 4439 | Loss : 0.20404427405929318
Rank 1 | Epoch 24 | Step 4632 | Loss : 0.205550005630508
Rank 0 | Epoch 24 | Step 4632 | Loss : 0.2134345656386311
Rank 1 | Epoch 25 | Step 4825 | Loss : 0.20769379457815942
Rank 0 | Epoch 25 | Step 4825 | Loss : 0.20939302042975944
[Step 5000] Validation pixel accuracy: 0.5711
[Step 5000] Validation mIoU (w/ equivalence): 0.0139
[Val] Step 5000 | Loss: 1.8053, Contrastive: 1.8053
Best validation loss: 1.8053 at step 5000
Rank 1 | Epoch 26 | Step 5018 | Loss : 0.20917850636293234
Rank 0 | Epoch 26 | Step 5018 | Loss : 0.20907930844497186
Rank 1 | Epoch 27 | Step 5211 | Loss : 0.21637744290532226
Rank 0 | Epoch 27 | Step 5211 | Loss : 0.1994869092122261
Rank 0 | Epoch 28 | Step 5404 | Loss : 0.2032924002625164
Rank 1 | Epoch 28 | Step 5404 | Loss : 0.20972831763442934
Rank 1 | Epoch 29 | Step 5597 | Loss : 0.20583108538481856
Rank 0 | Epoch 29 | Step 5597 | Loss : 0.19976383891593608
Rank 1 | Epoch 30 | Step 5790 | Loss : 0.20364406044773486
Rank 0 | Epoch 30 | Step 5790 | Loss : 0.2115099274509929
Rank 1 | Epoch 31 | Step 5983 | Loss : 0.20028290117806102
Rank 0 | Epoch 31 | Step 5983 | Loss : 0.20216261302096855
[Step 6000] Validation pixel accuracy: 0.5731
[Step 6000] Validation mIoU (w/ equivalence): 0.0152
[Val] Step 6000 | Loss: 1.8088, Contrastive: 1.8088
Best validation loss: 1.8053 at step 5000
Step=  6000/108535  Loss=0.1991457  Time Elapsed=1.98h  Time Remaining=33.80h
Rank 1 | Epoch 32 | Step 6176 | Loss : 0.2062506808518128
Rank 0 | Epoch 32 | Step 6176 | Loss : 0.19845146014128323
Rank 1 | Epoch 33 | Step 6369 | Loss : 0.20802437124165846
Rank 0 | Epoch 33 | Step 6369 | Loss : 0.2024747323958985
Rank 0 | Epoch 34 | Step 6562 | Loss : 0.2055134074135148
Rank 1 | Epoch 34 | Step 6562 | Loss : 0.20506205452229692
Rank 0 | Epoch 35 | Step 6755 | Loss : 0.2064318039256674
Rank 1 | Epoch 35 | Step 6755 | Loss : 0.21018527502223
